[  0.000000]Initalin cgrupubys put
[    0.00000 Itialzi croupsuyscpu
[    0.000000]Initialzi coup ubs pucc
[   0.00] inuxerion 4..03-eneric(bldd@gw-2) (gcveion .4 2160609(Uunu 5.4.06uun11~1.0.2 ) #63UbtuSMP edct12 13:48:03 UTC 2016(Uunu 4.4-4.63-neic 4.4.21
   0.000000 Cmmandlie: BBOOT_IAG/bot/vmlinuz4.0-3-enri rt=LABELloim-root rcosole=tty1cool=ttyS0[   0.000]ERNEL uprtd cpus:[   0.00000  ntel ennentel[  00000  MD AutencAD
[   .000]  Ctar Cenurul
[   00000 x86fpu: xstate_offset[2]:  576, xstate_sizes[2]:  256
[    0.000000 x6/pu Sppti XSAE atre 001'x7 loinpointresters
[    0000] 86/fp SpporngSAE ate x02:SSregister'[   0.000]86/fpu: Supprtg AVE fetu 004: 'AVreisters'
[    .0000]x8fp Enaedstateeares x7 ctextizis832 te uing taar' fomat.
[    .00000 x86/fpu: Uing 'laz' U ontexswches
[  0.0000 e0: BS-roidedphicl AMap
    0.000]BI-e0:[mem 000000000000x0000000fbff]sae
[   .0000] BS-20 [m 000000000009fc00-0x000000000009ffff] reserved
[    0.000000] BIOS-e820: [mem 0x00000000000f0000-0x00000000000fffff] reserved
[    0.000000] BIOS-e820: [mem 0x0000000000100000-0x000000007ffeffff] usable
[    0.000000] BIOS-e820: [mem 0x000000007fff0000-0x000000007fffffff] ACPI data
[    0.000000] BIOS-e820: [mem 0x00000000fec00000-0x00000000fec00fff] reserved
[    0.000000] BIOS-e820: [mem 0x00000000fee00000-0x00000000fee00fff] reserved
[    0.000000] BIOS-e820: [mem 0x00000000fffc0000-0x00000000ffffffff] reserved
[    0.000000] NX (Execute Disable) protecton aive
   0.00000] SIO 2.5pren.
[  000000]Hyrvisor detete KM
[  00000 e0:lastfn 0x7fff0 max_rcpf =0x400000
[   0.00000] RR Disabed[    00000 x86/T:TRRs sale, skipinPAinitialatn to.    0.0000] 6/AT: nfurtion0-: WB W U UC WB W  UC- UC  
[   00000 C MTR all blank -iruaiz sysem
[   .000] fod SMMP-taleat[mm 009fff0-0x000fff] mpped t ff880000ff]
[  00000] cain 1 aeafolow meor crupton[   0.000]RAMDI: em 0x6fc0-0x37eff][   0000] ACPIEaly tlehecksumvefiation dabed
[   0000] AI:SDP x00000000E00000024 (2 OX  )
  0.0000 API XSD0x00007F000 00003 (1 BO  OXXSDT 0000001 AL 000061
[  0.0000 API:AC0x000007F00F0 004 v04 VBX VBFACP 00001AS 00061)
    00000 API DSDT 00000007FF0700010 (1 VBX  VOXIOS00002 INTL20058)
[  000000]CP: AC0x0000FF200 000040   0.0000ACPI FS x000000007FFF0200 000040
[    0.00000]AC: API0x0000007F0400000C v02 VBOX   BOXAPI000001 SL 00006)   00000] PI SSD 00000007FF00 001CC (v01 VBOX   VBOXCPT 0000INL 20105)
[  00000]  NMA cnfurtionfod
[    0.000000] Faking a node a[m 0x000000000000x00000fffff]
[   0.000] NE_TA0) aloced[me 0ff000-07ffff][   00000 kvmclckUsing mrsb54d01 and 4b564d00
[    0.000000] kvm-clock: cpu 0, msr 0:7ffe7001, primary cpu clock
[    0.000000] kvm-clock: using sched offset of 2889622298 cycles
[    0.000000] clocksource: kvm-clok:ask:xfffffffffffffmacyes: 1c2edf, x_dle_n 8590548ns
  0.00000] Zneanes:
[   00000]   DMA      [mem 0x0000000000001000-0x0000000ffff]   0.0000  MA32   em0x00000000000-00000007ffeff][   0.000]  orl   ept
[  0.00000]  Dvie   ept
[   00000 Mab zoneta forea nde
[  00000 Elymemor ne ange
[   000000] nde   [m 0x000000000000-000000000ff
    0000]   de 0 [m x00000000100-0x00000ffefff]   0.0000]nitme supnoe  [m x0000000010000x0000007fefff]    00000 ACP: -Tme IPot: 000
[    0.0000IOAPIC0]apc_i 2veion , dres0xc00000 G 023
   00000] PIINT_SROV(bus0 s_rq  glob_iq  d dl)
[   00000] APIIN_SRC_OR us0 s_q  globl_q  highllevel)
[  .00000] si API (MAT)orSMP nfurtionnfmatin   0.000]mpboo Aowing 2 CPUs 0otlug Cs[  00000] M:egstered nav memor: em0x0000-0x000f]
  0.0000 P Rgistere navmemoy:me 0x009000x0009ff
    0.00] M: Rgierd noavmeory:[m 0000a000x00eff
   0.000000] PM: Registered nosave memory: [mem 0x000f0000-0x000fffff]
[    0.000000] e820: [mem 0x8000000xebffff] aiable fr I evices
[   0.0000]Boin paravrtliederl onKV
[   0000000clcksur: finejiies: msk0xffff m_cyces0xfffff,ax_idlns76451902568 n
  0.00000 suppercp: NRCPS:256 nrcpas_bts:26 r_cpu_ids2 r_ode_ids:1
[  000000]PEPU Embedd  pagecp@ffff80fc0000 s900r892d268104856
[    00000 P qinlock has tble entie 26 (oer0, 46 tes)[   0.000] ilt 1onistsn od order mbilit goupngn.Totapas:51591    0000  Polcyon: A3
[   0.000 Kerl mmnd lneBOT_IMAE=oovmlin-4..043geer rotAB=couimrotfs o nsle=t1 nsle=ttyS
  0.0000 PID ash taleenies: 96orde:  376 bte
[    0.00] Mery203696206696 aille (09kenel od 183Krwta 3944Krota1480K it1292K ss600K rseed 0Kcmrerved)[  0.0000]LUB: HWaig64 Order=0-3Mibjec=0CPUs=2, Nde1
[    00000 Hierrcca R ileentatio.    0.000]	Bud-meadjutment f af fauto 4.
[    .000] CUrestriin CUs omR_CPS=6  nr_u_s=.
[  00000] U:djusingeetry fr u_anoutle=6, nr_cu_s=
[  00000] NR_IQS660 nr_qs40 16[   0.000]Console: colour VA+0x5
[    .000] cosolett1] abd
[  0.0000cool [yS eabled
[  0.000000] tsc: Detected 2793.532 MHz processor
[   23.219048] Calibrating delay loop (skipped) preset value.. 5587.06 BogoMIPS (lpj=11174128)
[   23.366884] pid_max: default: 32768 minimum: 301
[   23.447271] ACPI: Core revision 20150930
[   23.511472] ACPI: 2 ACPI AML tables successfully acquired and loaded
[   23.646946] Security Framework initialized
[   23.733326] Yama: becoming mindful.
[   23.799296] AppArmor: AppArmor initialized
[   23.881312] Dentry cache hash table entries: 262144 (order: 9, 2097152 bytes)
[   24.031511] Inode-cache hash table entries: 131072 (order: 8, 1048576 bytes)
[   24.155679] Mount-cache hash table entries: 4096 (order: 3, 32768 bytes)
[   24.287898] Mountpoint-cache hash table entries: 4096 (order: 3, 32768 bytes)
[   24.414176] Initializing cgroup subsys io
[   24.487820] Initializing cgroup subsys memory
[   24.551159] Initializing cgroup subsys devices
[   24.635367] Initializing cgroup subsys freezer
[   24.733076] Initializing cgroup subsys net_cls
[   24.833211] Initializing cgroup subsys perf_event
[   24.907797] Initializing cgroup subsys net_prio
[   24.908573] Initializing cgroup subsys hugetlb
[   24.909274] Initializing cgroup subsys pids
[   24.909985] CPU: Physical Processor ID: 0
[   24.910609] CPU: Processor Core ID: 0
[   24.993373] mce: CPU supports 0 MCE banks
[   25.075817] Last level iTLB entries: 4KB 1024, 2MB 1024, 4MB 1024
[   25.183290] Last level dTLB entries: 4KB 1024, 2MB 1024, 4MB 1024, 1GB 4
[   25.334782] Freeing SMP alternatives memory: 32K (ffffffff820b4000 - ffffffff820bc000)
[   25.521657] ftrace: allocating 32007 entries in 126 pages
[   25.642656] smpboot: Max logical packages: 1
[   25.729276] smpboot: APIC(0) Converting physical 0 to logical package 0
[   25.900778] x2apic enabled
[   25.967751] Switched APIC routing to physical x2apic.
[   26.026512] ..TIMER: vector=0x30 apic1=0 pin1=2 apic2=-1 pin2=-1
[   26.271597] smpboot: CPU0: Intel(R) Core(TM) i7-4980HQ CPU @ 2.80GHz (family: 0x6, model: 0x46, stepping: 0x1)
[   26.484731] Performance Events: unsupported p6 CPU model 70 no PMU driver, software events only.
[   26.680747] KVM setup paravirtual spinlock
[   26.750045] x86: Booting SMP configuration:
[   26.825767] .... node  #0, CPUs:      #1
[   26.900020] kvm-clock: cpu 1, msr 0:7ffe7041, secondary cpu clock
[   27.044350] mce: CPU supports 0 MCE banks
[   27.112707] x86: Booted up 1 node, 2 CPUs
[   27.154006] smpboot: Total of 2 processors activated (11174.12 BogoMIPS)
[   27.298095] devtmpfs: initialized
[   27.368821] evm: security.selinux
[   27.436015] evm: security.SMACK64
[   27.504014] evm: security.SMACK64EXEC
[   27.586420] evm: security.SMACK64TRANSMUTE
[   27.692743] evm: security.SMACK64MMAP
[   27.766017] evm: security.ima
[   27.781990] evm: security.capability
[   27.800651] clocksource: jiffies: mask: 0xffffffff max_cycles: 0xffffffff, max_idle_ns: 7645041785100000 ns
[   27.891191] pinctrl core: initialized pinctrl subsystem
[   27.965292] RTC time: 18:51:29, date: 10/23/16
[   28.028551] NET: Registered protocol family 16
[   28.096607] cpuidle: using governor ladder
[   28.188956] cpuidle: using governor menu
[   28.274282] PCCT header not found.
[   28.340849] ACPI: bus type PCI registered
[   28.423972] acpiphp: ACPI Hot Plug PCI Controller Driver version: 0.5
[   28.549300] PCI: Using configuration type 1 for base access
[   28.693882] ACPI: Added _OSI(Module Device)
[   28.757391] ACPI: Added _OSI(Processor Device)
[   28.832919] ACPI: Added _OSI(3.0 _SCP Extensions)
[   28.875841] ACPI: Added _OSI(Processor Aggregator Device)
[   28.943984] ACPI: Executed 1 blocks of module-level executable AML code
[   29.044166] ACPI: Interpreter enabled
[   29.127862] ACPI Exception: AE_NOT_FOUND, While evaluating Sleep State [\_S1_] (20150930/hwxface-580)
[   29.247995] ACPI Exception: AE_NOT_FOUND, While evaluating Sleep State [\_S2_] (20150930/hwxface-580)
[   29.380167] ACPI Exception: AE_NOT_FOUND, While evaluating Sleep State [\_S3_] (20150930/hwxface-580)
[   29.549628] ACPI Exception: AE_NOT_FOUND, While evaluating Sleep State [\_S4_] (20150930/hwxface-580)
[   29.721020] ACPI: (supports S0 S5)
[   29.762909] ACPI: Using IOAPIC for interrupt routing
[   29.863168] PCI: Using host bridge windows from ACPI; if necessary, use "pci=nocrs" and report a bug
[   29.966569] ACPI: PCI Root Bridge [PCI0] (domain 0000 [bus 00-ff])
[   30.025665] acpi PNP0A03:00: _OSC: OS supports [ASPM ClockPM Segments MSI]
[   30.175563] acpi PNP0A03:00: _OSC failed (AE_NOT_FOUND); disabling ASPM
[   30.311079] acpi PNP0A03:00: fail to add MMCONFIG information, can't access extended PCI configuration space under this bridge.
[   30.596225] PCI host bridge to bus 0000:00
[   30.686940] pci_bus 0000:00: root bus resource [io  0x0000-0x0cf7 window]
[   30.838016] pci_bus 0000:00: root bus resource [io  0x0d00-0xffff window]
[   30.978334] pci_bus 0000:00: root bus resource [mem 0x000a0000-0x000bffff window]
[   31.048809] pci_bus 0000:00: root bus resource [mem 0x80000000-0xffdfffff window]
[   31.138956] pci_bus 0000:00: root bus resource [bus 00-ff]
[   31.251681] pci 0000:00:01.1: legacy IDE quirk: reg 0x10: [io  0x01f0-0x01f7]
[   31.410955] pci 0000:00:01.1: legacy IDE quirk: reg 0x14: [io  0x03f6]
[   31.518275] pci 0000:00:01.1: legacy IDE quirk: reg 0x18: [io  0x0170-0x0177]
[   31.662937] pci 0000:00:01.1: legacy IDE quirk: reg 0x1c: [io  0x0376]
[   31.793413] pci 0000:00:07.0: quirk: [io  0x4000-0x403f] claimed by PIIX4 ACPI
[   31.822963] pci 0000:00:07.0: quirk: [io  0x4100-0x410f] claimed by PIIX4 SMB
[   31.947527] ACPI: PCI Interrupt Link [LNKA] (IRQs 5 9 10 *11)
[   32.028727] ACPI: PCI Interrupt Link [LNKB] (IRQs 5 9 10 *11)
[   32.101073] ACPI: PCI Interrupt Link [LNKC] (IRQs 5 9 *10 11)
[   32.144358] ACPI: PCI Interrupt Link [LNKD] (IRQs 5 *9 10 11)
[   32.145932] ACPI: Enabled 2 GPEs in block 00 to 07
[   32.210205] vgaarb: setting as boot device: PCI:0000:00:02.0
[   32.279138] vgaarb: device added: PCI:0000:00:02.0,decodes=io+mem,owns=io+mem,locks=none
[   32.379155] vgaarb: loaded
[   32.438034] vgaarb: bridge control possible 0000:00:02.0
[   32.553022] SCSI subsystem initialized
[   32.625021] ACPI: bus type USB registered
[   32.695398] usbcore: registered new interface driver usbfs
[   32.764347] usbcore: registered new interface driver hub
[   32.841247] usbcore: registered new device driver usb
[   32.929913] PCI: Using ACPI for IRQ routing
[   33.016109] NetLabel: Initializing
[   33.086309] NetLabel:  domain hash size = 128
[   33.166235] NetLabel:  protocols = UNLABELED CIPSOv4
[   33.212938] NetLabel:  unlabeled traffic allowed by default
[   33.280495] amd_nb: Cannot enumerate AMD northbridges
[   33.379896] clocksource: Switched to clocksource kvm-clock
[   3.46] pAorAprm FesteEnle
[ 340398pn PP PIint  4.39] p:nPCP fnd dic
[   34.867836] clocksource: acpi_pm: mask: 0xffffff max_cycles: 0xffffff, max_idle_ns: 2085701024 ns
[   34.897169] NET: Registered protocol family 2
[   34.897998] TCP established hash table entries: 16384 (order: 5, 131072 bytes)
[   34.899274] TCP bind hash table entries: 16384 (order: 6, 262144 bytes)
[   35.060485] TCP: Hash tables configured (established 16384 bind 16384)
[   35.194993] UDP hash table entries: 1024 (order: 3, 32768 bytes)
[   35.330886] UDP-Lite hash table entries: 1024 (order: 3, 32768 bytes)
[   35.370347] NET: Registered protocol family 1
[   35.392228] pci 0000:00:00.0: Limiting direct PCI/PCI transfers
[   35.397383] pci 0000:00:01.0: Activating ISA DMA hang workarounds
[   35.398356] Trying to unpack rootfs image as initramfs...
[   36.559947] Freeing initrd memory: 8232K (ffff880036fdc000 - ffff8800377e6000)
[   36.67] ator r_cs:egistreplform RT dvi ( PNP dvi fnd
[   37.395241 Snng or low mmo cruioevy  son
  7.50] ts Rin T cckur cibti: 9441Hz
[   .735 cckur: c:as: xffffffff x_cl: 281bb8 m_idlens4495734 
ÿ[  8.47] tehash tabe trs:12orr:, 76bys)
[   38.714739] audit: initializing netlink subsys (disabled)
[   38.714750] audit: type=2000 audit(1477248672.449:1): initialized
[   38.714962] Initialise system trusted keyring
[   38.715043] HugeTLB registered 2 MB page size, pre-allocated 0 pages
[   38.716208] zbud: loaded
[   38.716338] VFS: Disk quotas dquot_6.6.0
[   38.716362] VFS: Dquot-cache hash table entries: 512 (order 0, 4096 bytes)
[   38.716554] squashfs: version 4.0 (2009/01/31) Phillip Lougher
[   38.716739] fuse init (API version 7.23)
[   38.716826] Key type big_key registered
[   38.716844] Allocating IMA MOK and blacklist keyrings.
[   38.716979] Key type asymmetric registered
[   38.716983] Asymmetric key parser 'x509' registered
[   38.717007] Block layer SCSI generic (bsg) driver version 0.4 loaded (major 249)
[   38.717020] io scheduler noop registered
[   38.717022] io scheduler deadline registered (default)
[   38.717044] io scheduler cfq registered
[   38.717109] pci_hotplug: PCI Hot Plug PCI Core version: 0.5
[   38.717113] pciehp: PCI Express Hot Plug Controller Driver version: 0.4
[   38.717388] ACPI: AC Adapter [AC] (on-line)
[   38.717432] input: Power Button as /devices/LNXSYSTM:00/LNXPWRBN:00/input/input0
[   38.717435] ACPI: Power Button [PWRF]
[   38.717487] input: Sleep Button as /devices/LNXSYSTM:00/LNXSLPBN:00/input/input1
[   38.717489] ACPI: Sleep Button [SLPF]
[   38.717589] GHES: HEST is not enabled!
[   38.717645] Serial: 8250/16550 driver, 32 ports, IRQ sharing enabled
[   39.878245] 00:02: ttyS0 at I/O 0x3f8 (irq = 4, base_baud = 115200) is a 16550A
[   40.575630] Linux agpgart interface v0.103
[   40.735117] ACPI: Battery Slot [BAT0] (battery present)
[   40.819842] brd: module loaded
[   40.820517] loop: module loaded
[   40.821021] scsi host0: ata_piix
[   40.821066] scsi host1: ata_piix
[   40.821089] ata1: PATA max UDMA/33 cmd 0x1f0 ctl 0x3f6 bmdma 0xd000 irq 14
[   40.821090] ata2: PATA max UDMA/33 cmd 0x170 ctl 0x376 bmdma 0xd008 irq 15
[   40.821153] libphy: Fixed MDIO Bus: probed
[   40.821155] tun: Universal TUN/TAP device driver, 1.6
[   40.821155] tun: (C) 1999-2004 Max Krasnyansky <maxk@qualcomm.com>
[   40.821448] PPP generic driver version 2.4.2
[   40.821497] ehci_hcd: USB 2.0 'Enhanced' Host Controller (EHCI) Driver
[   40.821500] ehci-pci: EHCI PCI platform driver
[   40.821525] ehci-platform: EHCI generic platform driver
[   40.821533] ohci_hcd: USB 1.1 'Open' Host Controller (OHCI) Driver
[   40.821536] ohci-pci: OHCI PCI platform driver
[   40.821543] ohci-platform: OHCI generic platform driver
[   40.821549] uhci_hcd: USB Universal Host Controller Interface driver
[   40.821603] i8042: PNP: PS/2 Controller [PNP0303:PS2K,PNP0f03:PS2M] at 0x60,0x64 irq 1,12
[   40.888775] serio: i8042 KBD port at 0x60,0x64 irq 1
[   40.888782] serio: i8042 AUX port at 0x60,0x64 irq 12
[   40.888937] mousedev: PS/2 mouse device common for all mice
[   40.889209] rtc_cmos rtc_cmos: rtc core: registered rtc_cmos as rtc0
[   40.889259] rtc_cmos rtc_cmos: alarms up to one day, 114 bytes nvram
[   40.889266] i2c /dev entries driver
[   40.889323] device-mapper: uevent: version 1.0.3
[   40.889373] device-mapper: ioctl: 4.34.0-ioctl (2015-10-28) initialised: dm-devel@redhat.com
[   40.889394] ledtrig-cpu: registered to indicate activity on CPUs
[   40.889631] NET: Registered protocol family 10
[   40.889765] NET: Registered protocol family 17
[   40.889775] Key type dns_resolver registered
[   41.068079] microcode: CPU0 sig=0x40661, pf=0x40, revision=0x0
[   41.068256] microcode: CPU1 sig=0x40661, pf=0x40, revision=0x0
[   41.068310] microcode: Microcode Update Driver: v2.01 <tigran@aivazian.fsnet.co.uk>, Peter Oruba
[   41.068419] registered taskstats version 1
[   41.068439] Loading compiled-in X.509 certificates
[   41.068962] Loaded X.509 cert 'Build time autogenerated kernel key: d76179dc6bbadd817ec29258d181eadabda602cb'
[   41.068993] zswap: loaded using pool lzo/zbud
[   41.069987] Key type trusted registered
[   41.071569] Key type encrypted registered
[   41.071572] AppArmor: AppArmor sha1 policy hashing enabled
[   41.071574] ima: No TPM chip found, activating TPM-bypass!
[   41.071590] evm: HMAC attrs: 0x1
[   41.071823]   Magic number: 4:4:899
[   41.150978] rtc_cmos rtc_cmos: setting system clock to 2016-10-23 18:51:42 UTC (1477248702)
[   41.151103] BIOS EDD facility v0.16 2004-Jun-25, 0 devices found
[   41.151104] EDD information not available.
[   41.720117] input: AT Translated Set 2 keyboard as /devices/platform/i8042/serio0/input/input2
[   47.036543] Freeing unused kernel memory: 1480K (ffffffff81f42000 - ffffffff820b4000)
[   47.153105] Write protecting the kernel read-only data: 14336k
[   47.262081] Freeing unused kernel memory: 1820K (ffff880001839000 - ffff880001a00000)
[   47.330594] Freeing unused kernel memory: 152K (ffff880001dda000 - ffff880001e00000)
Loading, please [   47.386672] random: systemd-udevd: uninitialized urandom read (16 bytes read, 4 bits of entropy available)
wait...
startin[   47.704173] random: systemd-udevd: uninitialized urandom read (16 bytes read, 4 bits of entropy available)
g version 229
[   47.705100] random: udevadm: uninitialized urandom read (16 bytes read, 4 bits of entropy available)
[   47.705136] random: udevadm: uninitialized urandom read (16 bytes read, 4 bits of entropy available)
[   47.705223] random: udevadm: uninitialized urandom read (16 bytes read, 4 bits of entropy available)
[   47.705254] random: udevadm: uninitialized urandom read (16 bytes read, 4 bits of entropy available)
[   47.705286] random: udevadm: uninitialized urandom read (16 bytes read, 4 bits of entropy available)
[   47.705315] random: udevadm: uninitialized urandom read (16 bytes read, 4 bits of entropy available)
[   47.705343] random: udevadm: uninitialized urandom read (16 bytes read, 4 bits of entropy available)
[   47.705370] random: udevadm: uninitialized urandom read (16 bytes read, 4 bits of entropy available)
[   48.667291] e1000: Intel(R) PRO/1000 Network Driver - version 7.3.21-k8-NAPI
[   48.702379] e1000: Copyright (c) 1999-2006 Intel Corporation.
[   48.737775] Fusion MPT base driver 3.04.20
[   48.824105] Copyright (c) 1999-2008 LSI Corporation
[   48.967477] AVX version of gcm_enc/dec engaged.
[   49.008969] AES CTR mode by8 optimization enabled
[   49.045634] input: ImExPS/2 Generic Explorer Mouse as /devices/platform/i8042/serio1/input/input4
[   49.061796] Fusion MPT SPI Host driver 3.04.20
[   49.383406] e1000 0000:00:03.0 eth0: (PCI:33MHz:32-bit) 02:f3:3c:b2:ab:fb
[   49.479353] e1000 0000:00:03.0 eth0: Intel(R) PRO/1000 Network Connection
[   49.912724] e1000 0000:00:08.0 eth1: (PCI:33MHz:32-bit) 08:00:27:97:41:b5
[   50.059789] e1000 0000:00:08.0 eth1: Intel(R) PRO/1000 Network Connection
[   50.193730] mptbase: ioc0: Initiating bringup
[   50.243806] e1000 0000:00:08.0 enp0s8: renamed from eth1
[   50.288400] e1000 0000:00:03.0 enp0s3: renamed from eth0
[   50.384241] ioc0: LSI53C1030 A0: Capabilities={Initiator}
[   52.015296] floppy0: no floppy controllers found
[   53.028682] scsi host2: ioc0: LSI53C1030 A0, FwRev=00000000h, Ports=1, MaxQ=256, IRQ=20
[   55.103353] scsi 2:0:0:0: Direct-Access     VBOX     HARDDISK         1.0  PQ: 0 ANSI: 5
[   55.462416] scsi target2:0:0: Beginning Domain Validation
[   55.723838] scsi target2:0:0: Domain Validation skipping write tests
[   55.913190] scsi target2:0:0: Ending Domain Validation
[   55.986073] scsi target2:0:0: asynchronous
[   55.999842] scsi 2:0:1:0: Direct-Access     VBOX     HARDDISK         1.0  PQ: 0 ANSI: 5
[   56.326345] scsi target2:0:1: Beginning Domain Validation
[   56.496168] scsi target2:0:1: Domain Validation skipping write tests
[   56.672041] scsi target2:0:1: Ending Domain Validation
[   56.838678] scsi target2:0:1: asynchronous
[   57.028381] sd 2:0:0:0: Attached scsi generic sg0 type 0
[   57.053137] sd 2:0:0:0: [sda] 20971520 512-byte logical blocks: (10.7 GB/10.0 GiB)
[   57.053426] sd 2:0:1:0: Attached scsi generic sg1 type 0
[   57.272677] sd 2:0:1:0: [sdb] 20480 512-byte logical blocks: (10.5 MB/10.0 MiB)
[   57.272797] sd 2:0:0:0: [sda] Write Protect is off
[   57.272945] sd 2:0:0:0: [sda] Incomplete mode parameter data
[   57.272946] sd 2:0:0:0: [sda] Assuming drive cache: write through
[   57.442027]  sda: sda1
[   57.442799] sd 2:0:0:0: [sda] Attached SCSI disk
[   58.015566] sd 2:0:1:0: [sdb] Write Protect is off
[   58.972941] sd 2:0:1:0: [sdb] Incomplete mode parameter data
[   59.413695] sd 2:0:1:0: [sdb] Assuming drive cache: write through
[   59.457253] sd 2:0:1:0: [sdb] Attached SCSI disk
Begin: Loading e[   60.787106] md: linear personality registered for level -1
ssential drivers ... [   60.911444] md: multipath personality registered for level -4
[   61.070798] md: raid0 personality registered for level 0
[   61.181040] md: raid1 personality registered for level 1
[   61.360473] raid6: sse2x1   gen()  8872 MB/s
[   61.483960] raid6: sse2x1   xor()  4659 MB/s
[   61.584078] raid6: sse2x2   gen() 10076 MB/s
[   61.684094] raid6: sse2x2   xor()  5731 MB/s
[   61.763934] raid6: sse2x4   gen() 13740 MB/s
[   61.916259] raid6: sse2x4   xor()  9785 MB/s
[   61.967411] raid6: using algorithm sse2x4 gen() 13740 MB/s
[   62.164189] raid6: .... xor() 9785 MB/s, rmw enabled
[   62.344263] raid6: using ssse3x2 recovery algorithm
[   62.494185] xor: automatically using best checksumming function:
[   62.616011]    avx       : 17576.000 MB/sec
[   62.653225] async_tx: api initialized (async)
[   62.737653] md: raid6 personality registered for level 6
[   62.792502] md: raid5 personality registered for level 5
[   62.856242] md: raid4 personality registered for level 4
[   62.887609] md: raid10 personality registered for level 10
done.
Begin: Running /scripts/init-premount ... done.
Begin: Mounting root file system ... Begin: Running /scripts/local-top ... don[   62.951476] Btrfs loaded
e.
Begin: Running /scripts/local-premount ... Scanning for Btrfs filesystems
done.
Warning: fsck not present, so skipping root file[   63.028964] EXT4-fs (sda1): mounted filesystem with ordered data mode. Opts: (null)
 system
done.
Begin: Running /scripts/local-bottom ... done.
Begin: Running /scripts/init-bottom ... Warning: overlayroot: debug is busted
done.
[   63.190767] systemd[1]: systemd 229 running in system mode. (+PAM +AUDIT +SELINUX +IMA +APPARMOR +SMACK +SYSVINIT +UTMP +LIBCRYPTSETUP +GCRYPT +GNUTLS +ACL +XZ -LZ4 +SECCOMP +BLKID +ELFUTILS +KMOD -IDN)
[   63.514317] systemd[1]: Detected virtualization oracle.
[   63.643074] systemd[1]: Detected architecture x86-64.

Welcome to [1mUbuntu 16.04.1 LTS[0m!

[   63.756444] systemd[1]: Set hostname to <ubuntu>.
[   63.798330] systemd[1]: Initializing machine ID from random generator.
[   63.802652] systemd[1]: Installed transient /etc/machine-id file.
[   63.932606] systemd[1]: Listening on udev Control Socket.
[[0;32m  OK  [0m] Listening on udev Control Socket.
[   64.132614] systemd[1]: Listening on Syslog Socket.
[[0;32m  OK  [0m] Listening on Syslog Socket.
[   64.280230] systemd[1]: Listening on LVM2 metadata daemon socket.
[[0;32m  OK  [0m] Listening on LVM2 metadata daemon socket.
[   64.428656] systemd[1]: Listening on Journal Socket.
[[0;32m  OK  [0m] Listening on Journal Socket.
[   64.632425] systemd[1]: Reached target User and Group Name Lookups.
[[0;32m  OK  [0m] Reached target User and Group Name Lookups.
[   64.759617] systemd[1]: Listening on Journal Audit Socket.
[[0;32m  OK  [0m] Listening on Journal Audit Socket.
[   64.848293] systemd[1]: Started Forward Password Requests to Wall Directory Watch.
[[0;32m  OK  [0m] Started Forward Password Requests to Wall Directory Watch.
[   65.040858] systemd[1]: Listening on udev Kernel Socket.
[[0;32m  OK  [0m] Listening on udev Kernel Socket.
[   65.161107] systemd[1]: Created slice User and Session Slice.
[[0;32m  OK  [0m] Created slice User and Session Slice.
[   65.308206] systemd[1]: Listening on Journal Socket (/dev/log).
[[0;32m  OK  [0m] Listening on Journal Socket (/dev/log).
[   65.524525] systemd[1]: Listening on Device-mapper event daemon FIFOs.
[[0;32m  OK  [0m] Listening on Device-mapper event daemon FIFOs.
[   65.584644] systemd[1]: Listening on /dev/initctl Compatibility Named Pipe.
[[0;32m  OK  [0m] Listening on /dev/initctl Compatibility Named Pipe.
[   65.808623] systemd[1]: Reached target Encrypted Volumes.
[[0;32m  OK  [0m] Reached target Encrypted Volumes.
[   65.908420] systemd[1]: Listening on LVM2 poll daemon socket.
[[0;32m  OK  [0m] Listening on LVM2 poll daemon socket.
[   65.984384] systemd[1]: Set up automount Arbitrary Executable File Formats File System Automount Point.
[[0;32m  OK  [0m] Set up automount Arbitrary Executab...ats File System Automount Point.
[   66.236578] systemd[1]: Reached target Swap.
[[0;32m  OK  [0m] Reached target Swap.
[   66.409225] systemd[1]: Created slice System Slice.
[[0;32m  OK  [0m] Created slice System Slice.
[   66.564553] systemd[1]: Created slice system-serial\x2dgetty.slice.
[[0;32m  OK  [0m] Created slice system-serial\x2dgetty.slice.
[   66.780448] systemd[1]: Reached target Slices.
[[0;32m  OK  [0m] Reached target Slices.
[   66.972366] systemd[1]: Starting Uncomplicated firewall...
         Starting Uncomplicated firewall...
[   67.044106] systemd[1]: Starting Journal Service...
         Starting Journal Service...
[   67.216672] systemd[1]: Starting Set console keymap...
         Starting Set console keymap...
[   67.404348] systemd[1]: Monnting Huge Pages File System...
[   67.404914] random: nonblocking pool is initialized
         Mounting Huge Pages File System...
[   67.784389] systemd[1]: Mounting POSIX Message Queue File System...
         Mounting POSIX Message Queue File System...
[   67.996214] systemd[1]: Mounting Debug File System...
         Mounting Debug File System...
[   68.120985] systemd[1]: Starting Nameserver information manager...
         Starting Nameserver information manager...
[   68.373891] systemd[1]: Starting Create list of required static device nodes for the current kernel...
         Starting Create list of required st... nodes for the current kernel...
[   68.740885] systemd[1]: Starting Monitoring of LVM2 mirrors, snapshots etc. using dmeventd or progress polling...
         Starting Monitoring of LVM2 mirrors... dmeventd or progress polling...
[   68.996905] systemd[1]: Starting Load Kernel Modules...
[   6.124] Ladg CStrspt asv2-8.          Startin[   69.677604] iscsi: registered transport (tcp)
g Load Kernel Modules...
[   69.784687] iscsi: registered transport (iser)
[   70.644529] systemd[1]: Starting Remount Root and Kernel File Systems...
[   70.646864] EXT4-fs (sda1): re-mounted. Opts: (null)
         Starting Remount Root and Kernel File Systems...
[   70.821268] systemd[1]: Mounted Debug File System.
[[0;32m  OK  [0m] Mounted Debug File System.
[   70.949120] systemd[1]: Mounted Huge Pages File System.
[[0;32m  OK  [0m] Mounted Huge Pages File System.
[   71.023563] systemd[1]: Mounted POSIX Message Queue File System.
[[0;32m  OK  [0m] Mounted POSIX Message Queue File System.
[   71.069211] systemd[1]: Started Journal Service.
[[0;32m  OK  [0m] Started Journal Service.
[[0;32m  OK  [0m] Started Uncomplicated firewall.
[[0;32m  OK  [0m] Started Set console keymap.
[[0;32m  OK  [0m] Started Create list of required sta...ce nodes for the current kernel.
[[0;32m  OK  [0m] Started Load Kernel Modules.
[[0;32m  OK  [0m] Started Remount Root and Kernel File Systems.
[[0;32m  OK  [0m] Started Nameserver information manager.
[[0;32m  OK  [0m] Started LVM2 metadata daemon.
         Starting Load/Save Random Seed...
         Starting udev Coldplug all Devices...
         Mounting FUSE Control File System...
         Starting Apply Kernel Variables...
         Starting Create Static Device Nodes in /dev...
         Starting Flush Journal to Persistent Storage...
[[0;32m  OK  [0m] Mounted FUSE Control File System.
[[0;32m  OK  [0m] Started Monitoring of LVM2 mirrors,...ng dmeventd or progress polling.
[[0;32m  OK  [0m] Started Load/Save Random Seed.
[[0;32m  OK  [0m] Started Apply Kernel Variables.
[[0;32m  OK  [0m] Started Create Static Device Nodes in /dev.
[[0;32m  OK  [0m] Started udev Coldplug all Devices.
[[0;32m  OK  [0m] Started Flush Journal to Persistent Storage.
         Starting udev Kernel Device Manager...
[[0;32m  OK  [0m] Started udev Kernel Device Manager.
[[0;32m  OK  [0m] Started Dispatch Password Requests to Console Directory Watch.
[[0;32m  OK  [0m] Reached target Local File Systems (Pre).
[[0;32m  OK  [0m] Reached target Local File Systems.
         Starting Tell Plymouth To Write Out Runtime Data...
         Starting Commit a transient machine-id on disk...
         Starting Initial cloud-init job (pre-networking)...
         Starting Set console font and keymap...
         Starting LSB: AppArmor initialization...
         Starting Run snappy firstboot setup...
         Starting Create Volatile Files and Directories...
[[0;32m  OK  [0m] Started Tell Plymouth To Write Out Runtime Data.
[[0;32m  OK  [0m] Started Commit a transient machine-id on disk.
[[0;32m  OK  [0m] Started Run snappy firstboot setup.
[[0;32m  OK  [0m] Started Create Volatile Files and Directories.
[[0;32m  OK  [0m] Found device /dev/ttyS0.
[[0;32m  OK  [0m] Listening on Load/Save RF Kill Switch Status /dev/rfkill Watch.
         Starting Update UTMP about System Boot/Shutdown...
[[0;32m  OK  [0m] Reached target System Time Synchronized.
[[0;32m  OK  [0m] Started Set console font and keymap.
[[0;32m  OK  [0m] Started Update UTMP about System Boot/Shutdown.
[[0;32m  OK  [0m] Created slice system-getty.slice.
[[0;32m  OK  [0m] Started LSB: AppArmor initialization.
[[0;32m  OK  [0m] Reached target System Initialization.
[[0;32m  OK  [0m] Listening on D-Bus System Message Bus Socket.
[[0;32m  OK  [0m] Started Daily apt activities.
         Starting LXD - unix socket.
         Starting Socket activation for snappy daemon.
[[0;32m  OK  [0m] Listening on ACPID Listen Socket.
[[0;32m  OK  [0m] Listening on UUID daemon activation socket.
[[0;32m  OK  [0m] Started Trigger resolvconf update for networkd DNS.
[[0;32m  OK  [0m] Started Timer to automatically refresh installed snaps.
[[0;32m  OK  [0m] Started ACPI Events Check.
[[0;32m  OK  [0m] Reached target Paths.
[[0;32m  OK  [0m] Started Daily Cleanup of Temporary Directories.
[[0;32m  OK  [0m] Reached target Timers.
[[0;32m  OK  [0m] Listening on LXD - unix socket.
[[0;32m  OK  [0m] Listening on Socket activation for snappy daemon.
[[0;32m  OK  [0m] Reached target Sockets.
[[0;32m  OK  [0m] Reached target Basic System.
         Starting System Logging Service...
[[0;32m  OK  [0m] Started D-Bus System Message Bus.
[[0;32m  OK  [0m] Started Regular background program processing daemon.
         Starting LXD - container startup/shutdown...
[[0;32m  OK  [0m] Started ACPI event daemon.
         Starting LSB: Record successful boot for GRUB...
         Starting Login Service...
         Starting Accounts Service...
[[0;32m  OK  [0m] Started Deferred execution scheduler.
         Starting LSB: MD monitoring daemon...
[[0;32m  OK  [0m] Started FUSE filesystem for LXC.
[[0;32m  OK  [0m] Started Snappy daemon.
[[0;32m  OK  [0m] Started System Logging Service.
[[0;32m  OK  [0m] Started LXD - container startup/shutdown.
[[0;32m  OK  [0m] Started LSB: Record successful boot for GRUB.
[[0;32m  OK  [0m] Started LSB: MD monitoring daemon.
[[0;32m  OK  [0m] Started Login Service.
         Starting Authenticate and Authorize Users to Run Privileged Tasks...
[[0;32m  OK  [0m] Started Authenticate and Authorize Users to Run Privileged Tasks.
[[0;32m  OK  [0m] Started Accounts Service.
[   72.242510] cloud-init[662]: Cloud-init v. 0.7.8 running 'init-local' at Sun, 23 Oct 2016 18:52:14 +0000. Up 41.00 seconds.
[[0;32m  OK  [0m] Started Initial cloud-init job (pre-networking).
[[0;32m  OK  [0m] Reached target Network (Pre).
         Starting Raise network interfaces...
[[0;32m  OK  [0m] Started Raise network interfaces.
         Starting Initial cloud-init job (metadata service crawler)...
[[0;32m  OK  [0m] Reached target Network.
[   73.350011] cloud-init[1013]: Cloud-init v. 0.7.8 running 'init' at Sun, 23 Oct 2016 18:52:46 +0000. Up 72.86 seconds.
[[0;32m  OK  [0m] Started Initial cloud-init job (metadata service crawler).
[   73.438639] cloud-init[1013]: ci-info: ++++++++++++++++++++++++++++++++++++++Net device info++++++++++++++++++++++++++++++++++++++
[   73.615003] [cloud-init[0;32m  OK  [0m[1013]: ] ci-info: +--------+-------+----------------------------+---------------+-------+-------------------+Reached target Network is Online.

[   73.615473] cloud-init[1013]: ci-info: | Device |   Up  |          Address           |      Mask     | Scope |     Hw-Address    |
[   73.820640]          cloud-initStarting Pollinate to seed the pseudo random number generator...[1013]: 
ci-info: +--------+-------+----------------------------+---------------+-------+-------------------+
[   73.823544] cloud-init[1013]: ci-info: | enp0s3 |  True |         10.0.2.15          | 255.255.255.0 |   .   | 02:f3:3c:b2:ab:fb |
[   73.834179] cloud-init[1013]: ci-info: | enp0s3 |  True | fe80::f3:3cff:feb2:abfb/64 |       .       |  link | 02:f3:3c:b2:ab:fb |
[   73.936621]          cloud-initStarting /etc/rc.local Compatibility...[1013]: 
ci-info: |   lo   |  True |         127.0.0.1          |   255.0.0.0   |   .   |         .         |
[   74.072907]          cloud-initStarting iSCSI initiator daemon (iscsid)...[1013]: 
ci-info: |   lo   |  True |          ::1/128           |       .       |  host |         .         |
[   74.220435] [cloud-init[0;32m  OK  [0m[1013]: ] ci-info: | enp0s8 | False |             .              |       .       |   .   | 08:00:27:97:41:b5 |Reached target Cloud-config availability.

[   74.220903] cloud-init[1013]: ci-info: +--------+-------+----------------------------+---------------+-------+-------------------+
[   74.488290]          cloud-initStarting Apply the settings specified in cloud-config...[1013]: 
ci-info: +++++++++++++++++++++++++++Route IPv4 info++++++++++++++++++++++++++++
[   74.592334] cloud-init[1013]: ci-info: +-------+-------------+----------+---------------+-----------+-------+
[   74.684419] [cloud-init[0;32m  OK  [0m[1013]: ] ci-info: | Route | Destination | Gateway  |    Genmask    | Interface | Flags |Started /etc/rc.local Compatibility.

[   74.684732] cloud-init[1013]: ci-info: +-------+-------------+----------+---------------+-----------+-------+
[   74.816457] [cloud-init[0;32m  OK  [0m[1013]: ] ci-info: |   0   |   0.0.0.0   | 10.0.2.2 |    0.0.0.0    |   enp0s3  |   UG  |Started Pollinate to seed the pseudo random number generator.

[   74.816820] cloud-init[1013]: ci-info: |   1   |   10.0.2.0  | 0.0.0.0  | 255.255.255.0 |   enp0s3  |   U   |
[   75.040378]          cloud-initStarting OpenBSD Secure Shell server...[1013]: 
ci-info: +-------+-------------+----------+---------------+-----------+-------+
[[0;32m  OK  [0m] Started OpenBSD Secure Shell server.
[   75.245995] [[0;32m  OK  [0m] Started iSCSI initiator daemon (iscsid).
cloud-init[1013]: Generating public/private rsa key pair.
[   75.263260] cloud-init[1013]: Your identification has been saved in /etc/ssh/ssh_host_rsa_key.
[   75.292659]          Starting Login to default iSCSI targets...
cloud-init[1013]: Your public key has been saved in /etc/ssh/ssh_host_rsa_key.pub.
[   75.294703] cloud-init[1013]: The key fingerprint is:
[   75.341247] [cloud-init[0;32m  OK  [0m[1013]: ] SHA256:D/gsVqCswPmZbF6mOkR6LiG1aPuoVjn0vn0yxkKUHhc root@ubuntu-xenialStarted Login to default iSCSI targets.

[   75.342035] cloud-init[1013]: The key's randomart image is:
[[0;32m  OK  [0m] Reached target Remote File Systems (Pre).
[[0;32m  OK  [0m] Reached target Remote File Systems.
[   75.477727] cloud-init[1013]: +---[RSA 2048]----+
[   75.628440]          cloud-initStarting LSB: Set the CPU Frequency Scaling governor to "ondemand"...[1013]: 
|                 |
[   75.700904]          cloud-initStarting Permit User Sessions...[1013]: 
|       E         |
[   75.775971]          cloud-initStarting LSB: daemon to balance interrupts for SMP systems...[1013]: 
|      o .        |
         Starting LSB: VirtualBox Linux Additions...
[   75.878062] cloud-init[1013]: |..oo = +         |
[   75.956616]          cloud-initStarting LSB: automatic crash report generation...[1013]: 
|+=..B + S        |
[   76.055863] [cloud-init[0;32m  OK  [0m[1013]: ] |=+==o+ + o       |Started Permit User Sessions.

[   76.056319] cloud-init[1013]: |+++*+o+ o .      |
[   76.156967] [cloud-init[0;32m  OK  [0m[1013]: ] |.+= ++.* .       |Started LSB: Set the CPU Frequency Scaling governor to "ondemand".

[[0;32m  OK  [0m] Started LSB: daemon to balance interrupts for SMP systems.
[   76.157364] cloud-init[1013]: |++++ .+.+        |
         Stopping OpenBSD Secure Shell server...
[   76.363444] cloud-init[1013]: +----[SHA256]-----+
[   76.448872] cloud-init[1013]: Generating public/private dsa key pair.
[   76.449440] cloud-init[1013]: Your identification has been saved in /etc/ssh/ssh_host_dsa_key.
         Starting Hold until boot process finishes up...
[   76.449747] cloud-init[1013]: Your public key has been saved in /etc/ssh/ssh_host_dsa_key.pub.
[   76.696397] cloud-init[1013]: The key fingerprint is:
[   76.696718] cloud-init[1013]: SHA256:ijZPkYzpHroGNKqT+HsgvCGx+4O8mJrmQE+f+2p6hpo root@ubuntu-xenial
         Starting Terminate Plymouth Boot Screen...
[   76.696860] cloud-init[1013]: The key's randomart image is:
[[   76.880486] cloud-init[1013]: +---[DSA 1024]----+
[   76.881075] cloud-init[1013]: |                 |
[0;32m  OK  [0m] Stopped OpenBSD Secure Shell server.
[   76.881197] cloud-init[1013]: |                 |
[[   77.049377] cloud-init[1013]: |                 |
[   77.050197] cloud-init[1013]: |.o   + .         |
[0;32m  OK  [0m] Started LSB: VirtualBox Linux Additions.
[   77.050440] cloud-init[1013]: |++..o + S        |
[[   77.201638] cloud-init[1013]: |Bo+....o         |
[   77.202482] cloud-init[1013]: |**ooBoo          |
[0;32m  OK  [0m] Started LSB: automatic crash report generation.
[   77.202791] cloud-init[1013]: |X*+=.O.          |
[[   77.420845] cloud-init[1013]: |OEO**o+.         |
[   77.421687] cloud-init[1013]: +----[SHA256]-----+
[0;32m  OK  [0m] Started Hold until boot process finishes up.
[   77.421977] cloud-init[1013]: Generating public/private ecdsa key pair.
[[   77.573483] cloud-init[1013]: Your identification has been saved in /etc/ssh/ssh_host_ecdsa_key.
[   77.574174] cloud-init[1013]: Your public key has been saved in /etc/ssh/ssh_host_ecdsa_key.pub.
[0;32m  OK  [0m] Started Terminate Plymouth Boot Screen.
[   77.574292] cloud-init[1013]: The key fingerprint is:
[   77.836274] cloud-init[1013]: SHA256:dX35wFj+IyoB6J7GbmEwHaV2YYkeF/8EjLduIoiRO78 root@ubuntu-xenial
[   77.836715] cloud-init[1013]: The key's randomart image is:
[[0;32m  OK  [0m] Started Serial Getty on ttyS0.
[   77.836863] cloud-init[1013]: +---[ECDSA 256]---+
[[   78.028752] cloud-init[1013]: |      o==.    .  |
[   78.029207] cloud-init[1013]: |     +++oo.  *  .|
[0;32m  OK  [0m] Started Getty on tty1.
[[   78.029392] cloud-init[1013]: |  . o++o..o.o =..|
[   78.145457] cloud-init[1013]: | o ooo. .oo.   +.|
[0;32m  OK  [0m] Reached target Login Prompts.
[   78.145514] cloud-init[1013]: |  + +.  S. . . .o|
[   78.277157] cloud-init[1013]: | + .o+.. o. . . .|
[   78.277492] cloud-init[1013]: |  o .=o o. .     |
         Starting Set console scheme...
[   78.277667] cloud-init[1013]: |   .o.    .      |
         [   78.436268] Starting OpenBSD Secure Shell server...cloud-init
[1013]: |   Eo.           |
[   78.456085] cloud-init[1013]: +----[SHA256]-----+
[   78.456237] cloud-init[1013]: Generating public/private ed25519 key pair.
[   78.456344] cloud-init[1013]: Your identification has been saved in /etc/ssh/ssh_host_ed25519_key.
[   78.456461] cloud-init[1013]: Your public key has been saved in /etc/ssh/ssh_host_ed25519_key.pub.
[   78.456564] cloud-init[1013]: The key fingerprint is:
[   78.456673] cloud-init[1013]: SHA256:pGymFh+AQWXapiKELiVadl1q0oaTUWtt4mfhRqi4c70 root@ubuntu-xenial
[   78.456780] cloud-init[1013]: The key's randomart image is:
[   78.456890] cloud-init[1013]: +--[ED25519 256]--+
[   78.457000] cloud-init[1013]: | .o.+.. .        |
[   78.457110] cloud-init[1013]: |.  * * *         |
[   78.457219] cloud-init[1013]: |o.* X @ *        |
[[0;32m  OK  [0m] Started OpenBSD Secure Shell server.
[   78.457344] cloud-init[1013]: |+= = @ B .       |
[   79.073706] cloud-init[1013]: |=.o o B S        |
[   79.073835] cloud-init[1013]: |o. . B =         |
[[0;32m  OK  [0m] Started Set console scheme.
[   79.073938] cloud-init[1013]: |  o + o          |
[   79.134673] cloud-init[1013]: |   +   .         |
[   79.172795] cloud-init[1013]: |      E          |
[   79.172960] cloud-init[1013]: +----[SHA256]-----+
[[0;32m  OK  [0m] Created slice User Slice of ubuntu.
[   79.174579] cloud-init[1140]: Generating locales (this might take a while)...
[   79.380588] cloud-init[1140]:   en_US.UTF-8... done
[   79.380871] cloud-init[1140]: Generation complete.
[[0;32m  OK  [0m] Started Session 1 of user ubuntu.
[   79.381520] cloud-init[1140]: Cloud-init v. 0.7.8 running 'modules:config' at Sun, 23 Oct 2016 18:52:48 +0000. Up 74.55 seconds.
         Starting User Manager for UID 1000...
[[0;32m  OK  [0m] Reached target Multi-User System.
[[0;32m  OK  [0m] Reached target Graphical Interface.
         Starting Update UTMP about System Runlevel Changes...
         Starting Notify bootloader that boot was successful...
[[0;32m  OK  [0m] Started User Manager for UID 1000.
[[0;32m  OK  [0m] Started Apply the settings specified in cloud-config.
[[0;32m  OK  [0m] Started Notify bootloader that boot was successful.
[[0;32m  OK  [0m] Started Update UTMP about System Runlevel Changes.
         Starting Execute cloud user/final scripts...
ci-info: no authorized ssh keys fingerprints found for user ubuntu.
<14>Oct 23 18:52:54 ec2: 
<14>Oct 23 18:52:54 ec2: #############################################################
<14>Oct 23 18:52:54 ec2: -----BEGIN SSH HOST KEY FINGERPRINTS-----
<14>Oct 23 18:52:54 ec2: 1024 SHA256:ijZPkYzpHroGNKqT+HsgvCGx+4O8mJrmQE+f+2p6hpo root@ubuntu-xenial (DSA)
<14>Oct 23 18:52:54 ec2: 256 SHA256:dX35wFj+IyoB6J7GbmEwHaV2YYkeF/8EjLduIoiRO78 root@ubuntu-xenial (ECDSA)
<14>Oct 23 18:52:54 ec2: 256 SHA256:pGymFh+AQWXapiKELiVadl1q0oaTUWtt4mfhRqi4c70 root@ubuntu-xenial (ED25519)
<14>Oct 23 18:52:54 ec2: 2048 SHA256:D/gsVqCswPmZbF6mOkR6LiG1aPuoVjn0vn0yxkKUHhc root@ubuntu-xenial (RSA)
<14>Oct 23 18:52:54 ec2: -----END SSH HOST KEY FINGERPRINTS-----
<14>Oct 23 18:52:54 ec2: #############################################################
-----BEGIN SSH HOST KEY KEYS-----
ecdsa-sha2-nistp256 AAAAE2VjZHNhLXNoYTItbmlzdHAyNTYAAAAIbmlzdHAyNTYAAABBBHDsn0CTcBu1BiGvSkXcqVKrlX4zVJ4teOkIjT99AiftPPzaOeq+LcxyeRfE2b6CyGFMNhbVwSmbU4EcQDE3MgI= root@ubuntu-xenial
ssh-ed25519 AAAAC3NzaC1lZDI1NTE5AAAAIN0pq7BxnjuGB8gie4QH7hBsqUudFCGvBFjh0Okhsver root@ubuntu-xenial
ssh-rsa AAAAB3NzaC1yc2EAAAADAQABAAABAQCdsi/DfRQQy0zG47vk6gzjzhgwklrdVBWlzPsNCIPyWv4XFO1/FHP6R4T9mvNLfQmIYqzfroI8YmM2nQ8RQJb9v594lf2KyJCz8ihzD4Sf/aypMN2hMoo/HSXZN/ua08cJx/U1+QR1Nvgjd/gSdRK2SyTnqHvlc/dCef050H6/VwQyD4RY6iyRtKycSLGX5Y59RjoVL2X6NowDOFM0/XQCJDP9hNCFFHazcIZr1623GhV0COsXK2Dr5AS46kA2NAzv9d+tomlfzrvnI9jqAIVPPjRHP1eC+kpFDV1+65OzvpUCeWVVASANpZeXRNu9rB+kGve+lmetCasdJxVkVD0r root@ubuntu-xenial
-----END SSH HOST KEY KEYS-----
[   81.029786] cloud-init[1315]: Cloud-init v. 0.7.8 running 'modules:final' at Sun, 23 Oct 2016 18:52:54 +0000. Up 80.30 seconds.
[[   81.116301] cloud-init[1315]: ci-info: no authorized ssh keys fingerprints found for user ubuntu.
[0;32m  OK  [0m] Started Execute cloud user/final scripts.
[   81.116849] cloud-init[1315]: Cloud-init v. 0.7.8 finished at Sun, 23 Oct 2016 18:52:55 +0000. Datasource DataSourceNoCloud [seed=/dev/sdb][dsmode=net].  Up 81.02 seconds
[[0;32m  OK  [0m] Started Session 2 of user ubuntu.
[[0;32m  OK  [0m] Reached target Cloud-init target.

Ubuntu 16.04.1 LTS vagrant-gisvm ttyS0

vagrant-gisvm login: 